d:\documents\visual studio 2015\projects\year 2\low level programming\spaceinvaders\builds\debug (x86)\invaders.tmp\vc140.pdb
d:\documents\visual studio 2015\projects\year 2\low level programming\spaceinvaders\builds\debug (x86)\invaders.tmp\vc140.idb
d:\documents\visual studio 2015\projects\year 2\low level programming\spaceinvaders\builds\debug (x86)\invaders.tmp\actions.obj
d:\documents\visual studio 2015\projects\year 2\low level programming\spaceinvaders\builds\debug (x86)\invaders.tmp\actor.obj
d:\documents\visual studio 2015\projects\year 2\low level programming\spaceinvaders\builds\debug (x86)\invaders.tmp\audiomanager.obj
d:\documents\visual studio 2015\projects\year 2\low level programming\spaceinvaders\builds\debug (x86)\invaders.tmp\bullet.obj
d:\documents\visual studio 2015\projects\year 2\low level programming\spaceinvaders\builds\debug (x86)\invaders.tmp\bunker.obj
d:\documents\visual studio 2015\projects\year 2\low level programming\spaceinvaders\builds\debug (x86)\invaders.tmp\collisionmanager.obj
d:\documents\visual studio 2015\projects\year 2\low level programming\spaceinvaders\builds\debug (x86)\invaders.tmp\enemy.obj
d:\documents\visual studio 2015\projects\year 2\low level programming\spaceinvaders\builds\debug (x86)\invaders.tmp\gamefont.obj
d:\documents\visual studio 2015\projects\year 2\low level programming\spaceinvaders\builds\debug (x86)\invaders.tmp\main.obj
d:\documents\visual studio 2015\projects\year 2\low level programming\spaceinvaders\builds\debug (x86)\invaders.tmp\mothership.obj
d:\documents\visual studio 2015\projects\year 2\low level programming\spaceinvaders\builds\debug (x86)\invaders.tmp\player.obj
d:\documents\visual studio 2015\projects\year 2\low level programming\spaceinvaders\builds\debug (x86)\invaders.tmp\soundassets.obj
d:\documents\visual studio 2015\projects\year 2\low level programming\spaceinvaders\builds\debug (x86)\invaders.tmp\spriteassets.obj
d:\documents\visual studio 2015\projects\year 2\low level programming\spaceinvaders\builds\debug (x86)\invaders.tmp\spritemanager.obj
d:\documents\visual studio 2015\projects\year 2\low level programming\spaceinvaders\builds\debug (x86)\invaders.tmp\game.obj
d:\documents\visual studio 2015\projects\year 2\low level programming\spaceinvaders\builds\debug (x86)\invaders.ilk
d:\documents\visual studio 2015\projects\year 2\low level programming\spaceinvaders\builds\debug (x86)\invaders.exe
d:\documents\visual studio 2015\projects\year 2\low level programming\spaceinvaders\builds\debug (x86)\invaders.pdb
d:\documents\visual studio 2015\projects\year 2\low level programming\spaceinvaders\projects\..\builds\debug (x86)\invaders.pdb
d:\documents\visual studio 2015\projects\year 2\low level programming\spaceinvaders\projects\..\builds\debug (x86)\invaders.exe
d:\documents\visual studio 2015\projects\year 2\low level programming\spaceinvaders\projects\..\builds\debug (x86)\invaders.ilk
d:\documents\visual studio 2015\projects\year 2\low level programming\spaceinvaders\builds\debug (x86)\invaders.tmp\invaders.tlog\cl.command.1.tlog
d:\documents\visual studio 2015\projects\year 2\low level programming\spaceinvaders\builds\debug (x86)\invaders.tmp\invaders.tlog\cl.read.1.tlog
d:\documents\visual studio 2015\projects\year 2\low level programming\spaceinvaders\builds\debug (x86)\invaders.tmp\invaders.tlog\cl.write.1.tlog
d:\documents\visual studio 2015\projects\year 2\low level programming\spaceinvaders\builds\debug (x86)\invaders.tmp\invaders.tlog\link.command.1.tlog
d:\documents\visual studio 2015\projects\year 2\low level programming\spaceinvaders\builds\debug (x86)\invaders.tmp\invaders.tlog\link.read.1.tlog
d:\documents\visual studio 2015\projects\year 2\low level programming\spaceinvaders\builds\debug (x86)\invaders.tmp\invaders.tlog\link.write.1.tlog
