  Game.cpp
d:\documents\visual studio 2015\projects\year 2\low level programming\spaceinvaders\source\game.cpp(59): warning C4101: 'difficultyUpdated': unreferenced local variable
  Generating Code...
  Skipping... (no relevant changes detected)
  main.cpp
  Invaders.vcxproj -> D:\Documents\Visual Studio 2015\Projects\Year 2\Low Level Programming\SpaceInvaders\Projects\..\Builds\Debug (x86)\Invaders.exe
  D:\Documents\Visual Studio 2015\Projects\Year 2\Low Level Programming\SpaceInvaders\Resources\Audio\AlienHit.wav -> D:\Documents\Visual Studio 2015\Projects\Year 2\Low Level Programming\SpaceInvaders\Builds\Debug (x86)\Resources\Audio\AlienHit.wav
  D:\Documents\Visual Studio 2015\Projects\Year 2\Low Level Programming\SpaceInvaders\Resources\Audio\AlienLaser.wav -> D:\Documents\Visual Studio 2015\Projects\Year 2\Low Level Programming\SpaceInvaders\Builds\Debug (x86)\Resources\Audio\AlienLaser.wav
  D:\Documents\Visual Studio 2015\Projects\Year 2\Low Level Programming\SpaceInvaders\Resources\Audio\BunkerHit.wav -> D:\Documents\Visual Studio 2015\Projects\Year 2\Low Level Programming\SpaceInvaders\Builds\Debug (x86)\Resources\Audio\BunkerHit.wav
  D:\Documents\Visual Studio 2015\Projects\Year 2\Low Level Programming\SpaceInvaders\Resources\Audio\GameOver.wav -> D:\Documents\Visual Studio 2015\Projects\Year 2\Low Level Programming\SpaceInvaders\Builds\Debug (x86)\Resources\Audio\GameOver.wav
  D:\Documents\Visual Studio 2015\Projects\Year 2\Low Level Programming\SpaceInvaders\Resources\Audio\LevelWon.wav -> D:\Documents\Visual Studio 2015\Projects\Year 2\Low Level Programming\SpaceInvaders\Builds\Debug (x86)\Resources\Audio\LevelWon.wav
  D:\Documents\Visual Studio 2015\Projects\Year 2\Low Level Programming\SpaceInvaders\Resources\Audio\MotherShip.wav -> D:\Documents\Visual Studio 2015\Projects\Year 2\Low Level Programming\SpaceInvaders\Builds\Debug (x86)\Resources\Audio\MotherShip.wav
  D:\Documents\Visual Studio 2015\Projects\Year 2\Low Level Programming\SpaceInvaders\Resources\Audio\PlayerHit.wav -> D:\Documents\Visual Studio 2015\Projects\Year 2\Low Level Programming\SpaceInvaders\Builds\Debug (x86)\Resources\Audio\PlayerHit.wav
  D:\Documents\Visual Studio 2015\Projects\Year 2\Low Level Programming\SpaceInvaders\Resources\Audio\PlayerLaser.wav -> D:\Documents\Visual Studio 2015\Projects\Year 2\Low Level Programming\SpaceInvaders\Builds\Debug (x86)\Resources\Audio\PlayerLaser.wav
  D:\Documents\Visual Studio 2015\Projects\Year 2\Low Level Programming\SpaceInvaders\Resources\Fonts\Comic.ttf -> D:\Documents\Visual Studio 2015\Projects\Year 2\Low Level Programming\SpaceInvaders\Builds\Debug (x86)\Resources\Fonts\Comic.ttf
  D:\Documents\Visual Studio 2015\Projects\Year 2\Low Level Programming\SpaceInvaders\Resources\Fonts\DroidSansMono.ttf -> D:\Documents\Visual Studio 2015\Projects\Year 2\Low Level Programming\SpaceInvaders\Builds\Debug (x86)\Resources\Fonts\DroidSansMono.ttf
  D:\Documents\Visual Studio 2015\Projects\Year 2\Low Level Programming\SpaceInvaders\Resources\Fonts\Monkey.ttf -> D:\Documents\Visual Studio 2015\Projects\Year 2\Low Level Programming\SpaceInvaders\Builds\Debug (x86)\Resources\Fonts\Monkey.ttf
  D:\Documents\Visual Studio 2015\Projects\Year 2\Low Level Programming\SpaceInvaders\Resources\Textures\Alien1.png -> D:\Documents\Visual Studio 2015\Projects\Year 2\Low Level Programming\SpaceInvaders\Builds\Debug (x86)\Resources\Textures\Alien1.png
  D:\Documents\Visual Studio 2015\Projects\Year 2\Low Level Programming\SpaceInvaders\Resources\Textures\Alien2.png -> D:\Documents\Visual Studio 2015\Projects\Year 2\Low Level Programming\SpaceInvaders\Builds\Debug (x86)\Resources\Textures\Alien2.png
  D:\Documents\Visual Studio 2015\Projects\Year 2\Low Level Programming\SpaceInvaders\Resources\Textures\Alien3.png -> D:\Documents\Visual Studio 2015\Projects\Year 2\Low Level Programming\SpaceInvaders\Builds\Debug (x86)\Resources\Textures\Alien3.png
  D:\Documents\Visual Studio 2015\Projects\Year 2\Low Level Programming\SpaceInvaders\Resources\Textures\Alien4.png -> D:\Documents\Visual Studio 2015\Projects\Year 2\Low Level Programming\SpaceInvaders\Builds\Debug (x86)\Resources\Textures\Alien4.png
  D:\Documents\Visual Studio 2015\Projects\Year 2\Low Level Programming\SpaceInvaders\Resources\Textures\Bot_Alien_1.png -> D:\Documents\Visual Studio 2015\Projects\Year 2\Low Level Programming\SpaceInvaders\Builds\Debug (x86)\Resources\Textures\Bot_Alien_1.png
  D:\Documents\Visual Studio 2015\Projects\Year 2\Low Level Programming\SpaceInvaders\Resources\Textures\Bot_Alien_2.png -> D:\Documents\Visual Studio 2015\Projects\Year 2\Low Level Programming\SpaceInvaders\Builds\Debug (x86)\Resources\Textures\Bot_Alien_2.png
  D:\Documents\Visual Studio 2015\Projects\Year 2\Low Level Programming\SpaceInvaders\Resources\Textures\Bullet.png -> D:\Documents\Visual Studio 2015\Projects\Year 2\Low Level Programming\SpaceInvaders\Builds\Debug (x86)\Resources\Textures\Bullet.png
  D:\Documents\Visual Studio 2015\Projects\Year 2\Low Level Programming\SpaceInvaders\Resources\Textures\bunker1.png -> D:\Documents\Visual Studio 2015\Projects\Year 2\Low Level Programming\SpaceInvaders\Builds\Debug (x86)\Resources\Textures\bunker1.png
  D:\Documents\Visual Studio 2015\Projects\Year 2\Low Level Programming\SpaceInvaders\Resources\Textures\bunker2.png -> D:\Documents\Visual Studio 2015\Projects\Year 2\Low Level Programming\SpaceInvaders\Builds\Debug (x86)\Resources\Textures\bunker2.png
  D:\Documents\Visual Studio 2015\Projects\Year 2\Low Level Programming\SpaceInvaders\Resources\Textures\bunker3.png -> D:\Documents\Visual Studio 2015\Projects\Year 2\Low Level Programming\SpaceInvaders\Builds\Debug (x86)\Resources\Textures\bunker3.png
  D:\Documents\Visual Studio 2015\Projects\Year 2\Low Level Programming\SpaceInvaders\Resources\Textures\Explosion.png -> D:\Documents\Visual Studio 2015\Projects\Year 2\Low Level Programming\SpaceInvaders\Builds\Debug (x86)\Resources\Textures\Explosion.png
  D:\Documents\Visual Studio 2015\Projects\Year 2\Low Level Programming\SpaceInvaders\Resources\Textures\Invader.jpg -> D:\Documents\Visual Studio 2015\Projects\Year 2\Low Level Programming\SpaceInvaders\Builds\Debug (x86)\Resources\Textures\Invader.jpg
  D:\Documents\Visual Studio 2015\Projects\Year 2\Low Level Programming\SpaceInvaders\Resources\Textures\Mid_Alien_1.png -> D:\Documents\Visual Studio 2015\Projects\Year 2\Low Level Programming\SpaceInvaders\Builds\Debug (x86)\Resources\Textures\Mid_Alien_1.png
  D:\Documents\Visual Studio 2015\Projects\Year 2\Low Level Programming\SpaceInvaders\Resources\Textures\Mid_Alien_2.png -> D:\Documents\Visual Studio 2015\Projects\Year 2\Low Level Programming\SpaceInvaders\Builds\Debug (x86)\Resources\Textures\Mid_Alien_2.png
  D:\Documents\Visual Studio 2015\Projects\Year 2\Low Level Programming\SpaceInvaders\Resources\Textures\Mother_Ship.png -> D:\Documents\Visual Studio 2015\Projects\Year 2\Low Level Programming\SpaceInvaders\Builds\Debug (x86)\Resources\Textures\Mother_Ship.png
  D:\Documents\Visual Studio 2015\Projects\Year 2\Low Level Programming\SpaceInvaders\Resources\Textures\Tank.png -> D:\Documents\Visual Studio 2015\Projects\Year 2\Low Level Programming\SpaceInvaders\Builds\Debug (x86)\Resources\Textures\Tank.png
  D:\Documents\Visual Studio 2015\Projects\Year 2\Low Level Programming\SpaceInvaders\Resources\Textures\Top_Alien_1.png -> D:\Documents\Visual Studio 2015\Projects\Year 2\Low Level Programming\SpaceInvaders\Builds\Debug (x86)\Resources\Textures\Top_Alien_1.png
  D:\Documents\Visual Studio 2015\Projects\Year 2\Low Level Programming\SpaceInvaders\Resources\Textures\Top_Alien_2.png -> D:\Documents\Visual Studio 2015\Projects\Year 2\Low Level Programming\SpaceInvaders\Builds\Debug (x86)\Resources\Textures\Top_Alien_2.png
  29 File(s) copied
